<?xml version="1.0" encoding="UTF-8"?>
<!-- Generated by org.testng.reporters.JUnitReportReporter -->
<testsuite hostname="Jiangzy-PC" name="com.yoyo.web.controller.LoginControllerTest" tests="1" failures="0" timestamp="15 Apr 2015 07:53:49 GMT" time="5.395" errors="0">
  <testcase name="doLogin" time="5.395" classname="com.yoyo.web.controller.LoginControllerTest"/>
</testsuite> <!-- com.yoyo.web.controller.LoginControllerTest -->
